<?xml version="1.0" encoding="UTF-8" standalone="no"?>
<testsuite errors="0" failures="1" name="io.cucumber.core.plugin.JUnitFormatter" skipped="0" tests="3" time="5.547">
    <testcase classname="Validating Place API's" name="Verify if Place is being successfully added using AddPlaceAPI" time="4.515">
        <system-out><![CDATA[Given Add Place Payload "New Frontline house" "English-IN" "Panumbre Warun".passed
When user calls "AddPlace" API with "POST" HTTP Request.....................passed
Then the API call is success with status code 200...........................passed
And "status" in response body is "OK".......................................passed
And "scope" in response body is "APP".......................................passed
And verify place_id is created which maps to "New Frontline house" using "GetPlace" API.passed
]]></system-out>
    </testcase>
    <testcase classname="Validating Place API's" name="Verify if Delete Place functionality is working" time="0.257">
        <system-out><![CDATA[Given DeletePlace payload...................................................passed
When user calls "DeletePlace" API with "POST" HTTP Request..................passed
Then the API call is success with status code 200...........................passed
And "status" in response body is "OK".......................................passed
]]></system-out>
    </testcase>
    <testcase classname="Validate the User API's" name="Verify Create User API" time="0.519">
        <failure message="Status code not matching : Expected :201 , Actual405" type="java.lang.AssertionError"><![CDATA[Given User details to be created............................................passed
When user calls "CreateUser" API with "POST" HTTP Request...................passed
Then the API call is success with status code 201...........................failed

StackTrace:
java.lang.AssertionError: Status code not matching : Expected :201 , Actual405
	at org.junit.Assert.fail(Assert.java:89)
	at org.junit.Assert.assertTrue(Assert.java:42)
	at com.qa.stepDefinitions.StepDefinition.the_api_call_is_success_with_status_code(StepDefinition.java:60)
	at âœ½.the API call is success with status code 201(file:///C:/Users/veerg/git/repository/APIFrameWorkBDD/src/test/java/com/qa/features/userValidation.feature:8)
]]></failure>
    </testcase>
</testsuite>
