<?xml version="1.0" encoding="UTF-8"?>
<testsuite xmlns:xsi="http://www.w3.org/2001/XMLSchema-instance" xsi:noNamespaceSchemaLocation="https://maven.apache.org/surefire/maven-surefire-plugin/xsd/surefire-test-report.xsd" name="com.qa.testRunner.TestRunner" time="4.788" tests="2" errors="0" skipped="0" failures="0">
  <properties>
[...]
</properties>
  <testcase name="Verify if Place is being successfully added using AddPlaceAPI" classname="Validating Place API&apos;s" time="3.621"/>
  <testcase name="Verify if Delete Place functionality is working" classname="Validating Place API&apos;s" time="0.298"/>
</testsuite>